<?xml version="1.0" ?>
<!DOCTYPE coverage SYSTEM "http://cobertura.sourceforge.net/xml/coverage-04.dtd">
<coverage lines-valid="181"  lines-covered="68"  line-rate="0.3757"  branches-valid="111"  branches-covered="28"  branch-rate="0.2523"  timestamp="1392836806719" complexity="0" version="0.1">
<sources>
	<source>/private/var/www/config.js</source>
</sources>
<packages>
	<package name="src"  line-rate="0.3757"  branch-rate="0.2523" >
	<classes>
		<class name="config.js"  filename="src/config.js"  line-rate="0.3757"  branch-rate="0.2523" >
		<methods>
			<method name="(anonymous_1)"  hits="1"  signature="()V" >
				<lines><line number="9"  hits="1" /></lines>
			</method>
			<method name="(anonymous_2)"  hits="3"  signature="()V" >
				<lines><line number="12"  hits="3" /></lines>
			</method>
			<method name="(anonymous_3)"  hits="3"  signature="()V" >
				<lines><line number="35"  hits="3" /></lines>
			</method>
			<method name="(anonymous_4)"  hits="4"  signature="()V" >
				<lines><line number="45"  hits="4" /></lines>
			</method>
			<method name="(anonymous_5)"  hits="0"  signature="()V" >
				<lines><line number="75"  hits="0" /></lines>
			</method>
			<method name="(anonymous_6)"  hits="0"  signature="()V" >
				<lines><line number="97"  hits="0" /></lines>
			</method>
			<method name="(anonymous_7)"  hits="0"  signature="()V" >
				<lines><line number="115"  hits="0" /></lines>
			</method>
			<method name="(anonymous_8)"  hits="0"  signature="()V" >
				<lines><line number="131"  hits="0" /></lines>
			</method>
			<method name="(anonymous_9)"  hits="0"  signature="()V" >
				<lines><line number="144"  hits="0" /></lines>
			</method>
			<method name="(anonymous_10)"  hits="0"  signature="()V" >
				<lines><line number="161"  hits="0" /></lines>
			</method>
			<method name="isPlainObject"  hits="0"  signature="()V" >
				<lines><line number="163"  hits="0" /></lines>
			</method>
			<method name="extend"  hits="0"  signature="()V" >
				<lines><line number="167"  hits="0" /></lines>
			</method>
			<method name="(anonymous_13)"  hits="0"  signature="()V" >
				<lines><line number="184"  hits="0" /></lines>
			</method>
			<method name="(anonymous_14)"  hits="0"  signature="()V" >
				<lines><line number="190"  hits="0" /></lines>
			</method>
			<method name="(anonymous_15)"  hits="0"  signature="()V" >
				<lines><line number="194"  hits="0" /></lines>
			</method>
			<method name="(anonymous_16)"  hits="0"  signature="()V" >
				<lines><line number="202"  hits="0" /></lines>
			</method>
			<method name="(anonymous_17)"  hits="0"  signature="()V" >
				<lines><line number="210"  hits="0" /></lines>
			</method>
			<method name="(anonymous_18)"  hits="0"  signature="()V" >
				<lines><line number="225"  hits="0" /></lines>
			</method>
			<method name="(anonymous_19)"  hits="0"  signature="()V" >
				<lines><line number="237"  hits="0" /></lines>
			</method>
			<method name="(anonymous_20)"  hits="0"  signature="()V" >
				<lines><line number="260"  hits="0" /></lines>
			</method>
			<method name="(anonymous_21)"  hits="2"  signature="()V" >
				<lines><line number="279"  hits="2" /></lines>
			</method>
			<method name="(anonymous_22)"  hits="4"  signature="()V" >
				<lines><line number="294"  hits="4" /></lines>
			</method>
			<method name="(anonymous_23)"  hits="0"  signature="()V" >
				<lines><line number="344"  hits="0" /></lines>
			</method>
		</methods>
		<lines>
			<line number="9"  hits="1"  branch="false" />
			<line number="12"  hits="1"  branch="false" />
			<line number="13"  hits="3"  branch="false" />
			<line number="14"  hits="3"  branch="false" />
			<line number="15"  hits="3"  branch="false" />
			<line number="16"  hits="3"  branch="false" />
			<line number="17"  hits="3"  branch="true"  condition-coverage="50% (1/2)" />
			<line number="18"  hits="3"  branch="false" />
			<line number="19"  hits="3"  branch="false" />
			<line number="20"  hits="3"  branch="false" />
			<line number="21"  hits="3"  branch="false" />
			<line number="22"  hits="3"  branch="false" />
			<line number="23"  hits="3"  branch="false" />
			<line number="24"  hits="3"  branch="false" />
			<line number="25"  hits="3"  branch="false" />
			<line number="26"  hits="3"  branch="false" />
			<line number="28"  hits="3"  branch="false" />
			<line number="35"  hits="1"  branch="false" />
			<line number="36"  hits="3"  branch="false" />
			<line number="45"  hits="1"  branch="false" />
			<line number="46"  hits="4"  branch="true"  condition-coverage="100% (2/2)" />
			<line number="47"  hits="2"  branch="false" />
			<line number="49"  hits="2"  branch="false" />
			<line number="50"  hits="2"  branch="false" />
			<line number="51"  hits="2"  branch="false" />
			<line number="57"  hits="2"  branch="true"  condition-coverage="100% (2/2)" />
			<line number="58"  hits="1"  branch="false" />
			<line number="60"  hits="2"  branch="true"  condition-coverage="100% (4/4)" />
			<line number="61"  hits="1"  branch="false" />
			<line number="64"  hits="0"  branch="false" />
			<line number="66"  hits="2"  branch="false" />
			<line number="75"  hits="1"  branch="false" />
			<line number="76"  hits="0"  branch="false" />
			<line number="77"  hits="0"  branch="false" />
			<line number="78"  hits="0"  branch="true"  condition-coverage="0% (0/2)" />
			<line number="79"  hits="0"  branch="false" />
			<line number="81"  hits="0"  branch="false" />
			<line number="82"  hits="0"  branch="true"  condition-coverage="0% (0/2)" />
			<line number="83"  hits="0"  branch="true"  condition-coverage="0% (0/2)" />
			<line number="84"  hits="0"  branch="false" />
			<line number="87"  hits="0"  branch="false" />
			<line number="89"  hits="0"  branch="false" />
			<line number="97"  hits="1"  branch="false" />
			<line number="98"  hits="0"  branch="false" />
			<line number="99"  hits="0"  branch="true"  condition-coverage="0% (0/2)" />
			<line number="100"  hits="0"  branch="true"  condition-coverage="0% (0/2)" />
			<line number="101"  hits="0"  branch="false" />
			<line number="102"  hits="0"  branch="false" />
			<line number="103"  hits="0"  branch="true"  condition-coverage="0% (0/2)" />
			<line number="104"  hits="0"  branch="false" />
			<line number="106"  hits="0"  branch="false" />
			<line number="115"  hits="1"  branch="false" />
			<line number="116"  hits="0"  branch="false" />
			<line number="120"  hits="0"  branch="true"  condition-coverage="0% (0/4)" />
			<line number="121"  hits="0"  branch="false" />
			<line number="131"  hits="1"  branch="false" />
			<line number="132"  hits="0"  branch="false" />
			<line number="134"  hits="0"  branch="false" />
			<line number="135"  hits="0"  branch="false" />
			<line number="136"  hits="0"  branch="false" />
			<line number="144"  hits="1"  branch="false" />
			<line number="145"  hits="0"  branch="false" />
			<line number="148"  hits="0"  branch="false" />
			<line number="149"  hits="0"  branch="false" />
			<line number="150"  hits="0"  branch="false" />
			<line number="151"  hits="0"  branch="false" />
			<line number="152"  hits="0"  branch="true"  condition-coverage="0% (0/2)" />
			<line number="153"  hits="0"  branch="false" />
			<line number="156"  hits="0"  branch="false" />
			<line number="159"  hits="1"  branch="false" />
			<line number="161"  hits="0"  branch="false" />
			<line number="163"  hits="1"  branch="false" />
			<line number="164"  hits="0"  branch="true"  condition-coverage="0% (0/5)" />
			<line number="167"  hits="1"  branch="false" />
			<line number="168"  hits="0"  branch="false" />
			<line number="169"  hits="0"  branch="false" />
			<line number="170"  hits="0"  branch="true"  condition-coverage="0% (0/5)" />
			<line number="171"  hits="0"  branch="true"  condition-coverage="0% (0/4)" />
			<line number="172"  hits="0"  branch="false" />
			<line number="174"  hits="0"  branch="true"  condition-coverage="0% (0/4)" />
			<line number="175"  hits="0"  branch="false" />
			<line number="176"  hits="0"  branch="false" />
			<line number="178"  hits="0"  branch="true"  condition-coverage="0% (0/2)" />
			<line number="179"  hits="0"  branch="false" />
			<line number="184"  hits="1"  branch="false" />
			<line number="185"  hits="0"  branch="false" />
			<line number="186"  hits="0"  branch="true"  condition-coverage="0% (0/2)" />
			<line number="187"  hits="0"  branch="false" />
			<line number="188"  hits="0"  branch="false" />
			<line number="190"  hits="0"  branch="false" />
			<line number="191"  hits="0"  branch="false" />
			<line number="194"  hits="1"  branch="false" />
			<line number="195"  hits="0"  branch="false" />
			<line number="196"  hits="0"  branch="false" />
			<line number="197"  hits="0"  branch="false" />
			<line number="198"  hits="0"  branch="false" />
			<line number="199"  hits="0"  branch="false" />
			<line number="202"  hits="1"  branch="false" />
			<line number="203"  hits="0"  branch="false" />
			<line number="204"  hits="0"  branch="false" />
			<line number="205"  hits="0"  branch="false" />
			<line number="206"  hits="0"  branch="false" />
			<line number="207"  hits="0"  branch="false" />
			<line number="210"  hits="1"  branch="false" />
			<line number="211"  hits="0"  branch="true"  condition-coverage="0% (0/3)" />
			<line number="213"  hits="0"  branch="false" />
			<line number="214"  hits="0"  branch="false" />
			<line number="215"  hits="0"  branch="false" />
			<line number="217"  hits="0"  branch="false" />
			<line number="218"  hits="0"  branch="false" />
			<line number="220"  hits="0"  branch="false" />
			<line number="221"  hits="0"  branch="false" />
			<line number="225"  hits="1"  branch="false" />
			<line number="226"  hits="0"  branch="false" />
			<line number="229"  hits="0"  branch="true"  condition-coverage="0% (0/2)" />
			<line number="230"  hits="0"  branch="false" />
			<line number="232"  hits="0"  branch="true"  condition-coverage="0% (0/2)" />
			<line number="233"  hits="0"  branch="false" />
			<line number="237"  hits="1"  branch="false" />
			<line number="238"  hits="0"  branch="true"  condition-coverage="0% (0/2)" />
			<line number="239"  hits="0"  branch="true"  condition-coverage="0% (0/4)" />
			<line number="240"  hits="0"  branch="false" />
			<line number="241"  hits="0"  branch="false" />
			<line number="243"  hits="0"  branch="false" />
			<line number="244"  hits="0"  branch="true"  condition-coverage="0% (0/2)" />
			<line number="245"  hits="0"  branch="false" />
			<line number="246"  hits="0"  branch="true"  condition-coverage="0% (0/2)" />
			<line number="247"  hits="0"  branch="false" />
			<line number="248"  hits="0"  branch="false" />
			<line number="253"  hits="0"  branch="true"  condition-coverage="0% (0/2)" />
			<line number="254"  hits="0"  branch="false" />
			<line number="256"  hits="0"  branch="false" />
			<line number="260"  hits="1"  branch="false" />
			<line number="261"  hits="0"  branch="false" />
			<line number="262"  hits="0"  branch="false" />
			<line number="263"  hits="0"  branch="false" />
			<line number="264"  hits="0"  branch="false" />
			<line number="265"  hits="0"  branch="false" />
			<line number="266"  hits="0"  branch="false" />
			<line number="267"  hits="0"  branch="false" />
			<line number="268"  hits="0"  branch="false" />
			<line number="269"  hits="0"  branch="false" />
			<line number="270"  hits="0"  branch="false" />
			<line number="271"  hits="0"  branch="false" />
			<line number="279"  hits="1"  branch="false" />
			<line number="280"  hits="2"  branch="false" />
			<line number="281"  hits="2"  branch="false" />
			<line number="282"  hits="2"  branch="false" />
			<line number="283"  hits="2"  branch="true"  condition-coverage="50% (1/2)" />
			<line number="284"  hits="0"  branch="false" />
			<line number="286"  hits="2"  branch="true"  condition-coverage="50% (1/2)" />
			<line number="287"  hits="2"  branch="true"  condition-coverage="50% (1/2)" />
			<line number="289"  hits="2"  branch="false" />
			<line number="292"  hits="0"  branch="false" />
			<line number="294"  hits="2"  branch="false" />
			<line number="295"  hits="4"  branch="true"  condition-coverage="100% (4/4)" />
			<line number="296"  hits="1"  branch="true"  condition-coverage="50% (1/2)" />
			<line number="297"  hits="0"  branch="false" />
			<line number="299"  hits="1"  branch="false" />
			<line number="303"  hits="2"  branch="true"  condition-coverage="50% (1/2)" />
			<line number="304"  hits="2"  branch="true"  condition-coverage="50% (1/2)" />
			<line number="305"  hits="2"  branch="true"  condition-coverage="100% (2/2)" />
			<line number="306"  hits="2"  branch="false" />
			<line number="307"  hits="2"  branch="true"  condition-coverage="50% (1/2)" />
			<line number="308"  hits="0"  branch="false" />
			<line number="309"  hits="0"  branch="false" />
			<line number="311"  hits="2"  branch="false" />
			<line number="313"  hits="2"  branch="true"  condition-coverage="50% (2/4)" />
			<line number="314"  hits="0"  branch="false" />
			<line number="317"  hits="0"  branch="false" />
			<line number="320"  hits="0"  branch="true"  condition-coverage="0% (0/4)" />
			<line number="321"  hits="0"  branch="false" />
			<line number="324"  hits="2"  branch="false" />
			<line number="332"  hits="1"  branch="true"  condition-coverage="50% (1/2)" />
			<line number="333"  hits="0"  branch="true"  condition-coverage="0% (0/4)" />
			<line number="334"  hits="0"  branch="false" />
			<line number="336"  hits="0"  branch="false" />
			<line number="338"  hits="1"  branch="false" />
			<line number="343"  hits="1"  branch="true"  condition-coverage="50% (2/4)" />
			<line number="344"  hits="0"  branch="false" />
			<line number="345"  hits="0"  branch="false" />
		</lines>
		</class>
	</classes>
	</package>
</packages>
</coverage>
