<?xml version="1.0" ?>
<!DOCTYPE coverage SYSTEM "http://cobertura.sourceforge.net/xml/coverage-04.dtd">
<coverage lines-valid="180"  lines-covered="75"  line-rate="0.4167"  branches-valid="111"  branches-covered="30"  branch-rate="0.2703"  timestamp="1392949203494" complexity="0" version="0.1">
<sources>
	<source>/var/www/config.js</source>
</sources>
<packages>
	<package name="src"  line-rate="0.4167"  branch-rate="0.2703" >
	<classes>
		<class name="config.js"  filename="src/config.js"  line-rate="0.4167"  branch-rate="0.2703" >
		<methods>
			<method name="(anonymous_1)"  hits="1"  signature="()V" >
				<lines><line number="9"  hits="1" /></lines>
			</method>
			<method name="(anonymous_2)"  hits="5"  signature="()V" >
				<lines><line number="12"  hits="5" /></lines>
			</method>
			<method name="(anonymous_3)"  hits="5"  signature="()V" >
				<lines><line number="35"  hits="5" /></lines>
			</method>
			<method name="(anonymous_4)"  hits="6"  signature="()V" >
				<lines><line number="45"  hits="6" /></lines>
			</method>
			<method name="(anonymous_5)"  hits="2"  signature="()V" >
				<lines><line number="75"  hits="2" /></lines>
			</method>
			<method name="(anonymous_6)"  hits="0"  signature="()V" >
				<lines><line number="96"  hits="0" /></lines>
			</method>
			<method name="(anonymous_7)"  hits="0"  signature="()V" >
				<lines><line number="114"  hits="0" /></lines>
			</method>
			<method name="(anonymous_8)"  hits="0"  signature="()V" >
				<lines><line number="130"  hits="0" /></lines>
			</method>
			<method name="(anonymous_9)"  hits="0"  signature="()V" >
				<lines><line number="143"  hits="0" /></lines>
			</method>
			<method name="(anonymous_10)"  hits="0"  signature="()V" >
				<lines><line number="160"  hits="0" /></lines>
			</method>
			<method name="isPlainObject"  hits="0"  signature="()V" >
				<lines><line number="162"  hits="0" /></lines>
			</method>
			<method name="extend"  hits="0"  signature="()V" >
				<lines><line number="166"  hits="0" /></lines>
			</method>
			<method name="(anonymous_13)"  hits="0"  signature="()V" >
				<lines><line number="183"  hits="0" /></lines>
			</method>
			<method name="(anonymous_14)"  hits="0"  signature="()V" >
				<lines><line number="189"  hits="0" /></lines>
			</method>
			<method name="(anonymous_15)"  hits="0"  signature="()V" >
				<lines><line number="193"  hits="0" /></lines>
			</method>
			<method name="(anonymous_16)"  hits="0"  signature="()V" >
				<lines><line number="201"  hits="0" /></lines>
			</method>
			<method name="(anonymous_17)"  hits="0"  signature="()V" >
				<lines><line number="209"  hits="0" /></lines>
			</method>
			<method name="(anonymous_18)"  hits="0"  signature="()V" >
				<lines><line number="224"  hits="0" /></lines>
			</method>
			<method name="(anonymous_19)"  hits="0"  signature="()V" >
				<lines><line number="236"  hits="0" /></lines>
			</method>
			<method name="(anonymous_20)"  hits="0"  signature="()V" >
				<lines><line number="259"  hits="0" /></lines>
			</method>
			<method name="(anonymous_21)"  hits="2"  signature="()V" >
				<lines><line number="278"  hits="2" /></lines>
			</method>
			<method name="(anonymous_22)"  hits="4"  signature="()V" >
				<lines><line number="293"  hits="4" /></lines>
			</method>
			<method name="(anonymous_23)"  hits="0"  signature="()V" >
				<lines><line number="343"  hits="0" /></lines>
			</method>
		</methods>
		<lines>
			<line number="9"  hits="1"  branch="false" />
			<line number="12"  hits="1"  branch="false" />
			<line number="13"  hits="5"  branch="false" />
			<line number="14"  hits="5"  branch="false" />
			<line number="15"  hits="5"  branch="false" />
			<line number="16"  hits="5"  branch="false" />
			<line number="17"  hits="5"  branch="true"  condition-coverage="50% (1/2)" />
			<line number="18"  hits="5"  branch="false" />
			<line number="19"  hits="5"  branch="false" />
			<line number="20"  hits="5"  branch="false" />
			<line number="21"  hits="5"  branch="false" />
			<line number="22"  hits="5"  branch="false" />
			<line number="23"  hits="5"  branch="false" />
			<line number="24"  hits="5"  branch="false" />
			<line number="25"  hits="5"  branch="false" />
			<line number="26"  hits="5"  branch="false" />
			<line number="28"  hits="5"  branch="false" />
			<line number="35"  hits="1"  branch="false" />
			<line number="36"  hits="5"  branch="false" />
			<line number="45"  hits="1"  branch="false" />
			<line number="46"  hits="6"  branch="true"  condition-coverage="100% (2/2)" />
			<line number="47"  hits="2"  branch="false" />
			<line number="49"  hits="4"  branch="false" />
			<line number="50"  hits="4"  branch="false" />
			<line number="51"  hits="4"  branch="false" />
			<line number="57"  hits="2"  branch="true"  condition-coverage="100% (2/2)" />
			<line number="58"  hits="1"  branch="false" />
			<line number="60"  hits="2"  branch="true"  condition-coverage="100% (4/4)" />
			<line number="61"  hits="1"  branch="false" />
			<line number="64"  hits="2"  branch="false" />
			<line number="66"  hits="2"  branch="false" />
			<line number="75"  hits="1"  branch="false" />
			<line number="76"  hits="2"  branch="false" />
			<line number="77"  hits="2"  branch="false" />
			<line number="78"  hits="2"  branch="true"  condition-coverage="100% (2/2)" />
			<line number="79"  hits="1"  branch="false" />
			<line number="81"  hits="1"  branch="true"  condition-coverage="0% (0/2)" />
			<line number="82"  hits="0"  branch="true"  condition-coverage="0% (0/2)" />
			<line number="83"  hits="0"  branch="false" />
			<line number="86"  hits="2"  branch="false" />
			<line number="88"  hits="0"  branch="false" />
			<line number="96"  hits="1"  branch="false" />
			<line number="97"  hits="0"  branch="false" />
			<line number="98"  hits="0"  branch="true"  condition-coverage="0% (0/2)" />
			<line number="99"  hits="0"  branch="true"  condition-coverage="0% (0/2)" />
			<line number="100"  hits="0"  branch="false" />
			<line number="101"  hits="0"  branch="false" />
			<line number="102"  hits="0"  branch="true"  condition-coverage="0% (0/2)" />
			<line number="103"  hits="0"  branch="false" />
			<line number="105"  hits="0"  branch="false" />
			<line number="114"  hits="1"  branch="false" />
			<line number="115"  hits="0"  branch="false" />
			<line number="119"  hits="0"  branch="true"  condition-coverage="0% (0/4)" />
			<line number="120"  hits="0"  branch="false" />
			<line number="130"  hits="1"  branch="false" />
			<line number="131"  hits="0"  branch="false" />
			<line number="133"  hits="0"  branch="false" />
			<line number="134"  hits="0"  branch="false" />
			<line number="135"  hits="0"  branch="false" />
			<line number="143"  hits="1"  branch="false" />
			<line number="144"  hits="0"  branch="false" />
			<line number="147"  hits="0"  branch="false" />
			<line number="148"  hits="0"  branch="false" />
			<line number="149"  hits="0"  branch="false" />
			<line number="150"  hits="0"  branch="false" />
			<line number="151"  hits="0"  branch="true"  condition-coverage="0% (0/2)" />
			<line number="152"  hits="0"  branch="false" />
			<line number="155"  hits="0"  branch="false" />
			<line number="158"  hits="1"  branch="false" />
			<line number="160"  hits="0"  branch="false" />
			<line number="162"  hits="1"  branch="false" />
			<line number="163"  hits="0"  branch="true"  condition-coverage="0% (0/5)" />
			<line number="166"  hits="1"  branch="false" />
			<line number="167"  hits="0"  branch="false" />
			<line number="168"  hits="0"  branch="false" />
			<line number="169"  hits="0"  branch="true"  condition-coverage="0% (0/5)" />
			<line number="170"  hits="0"  branch="true"  condition-coverage="0% (0/4)" />
			<line number="171"  hits="0"  branch="false" />
			<line number="173"  hits="0"  branch="true"  condition-coverage="0% (0/4)" />
			<line number="174"  hits="0"  branch="false" />
			<line number="175"  hits="0"  branch="false" />
			<line number="177"  hits="0"  branch="true"  condition-coverage="0% (0/2)" />
			<line number="178"  hits="0"  branch="false" />
			<line number="183"  hits="1"  branch="false" />
			<line number="184"  hits="0"  branch="false" />
			<line number="185"  hits="0"  branch="true"  condition-coverage="0% (0/2)" />
			<line number="186"  hits="0"  branch="false" />
			<line number="187"  hits="0"  branch="false" />
			<line number="189"  hits="0"  branch="false" />
			<line number="190"  hits="0"  branch="false" />
			<line number="193"  hits="1"  branch="false" />
			<line number="194"  hits="0"  branch="false" />
			<line number="195"  hits="0"  branch="false" />
			<line number="196"  hits="0"  branch="false" />
			<line number="197"  hits="0"  branch="false" />
			<line number="198"  hits="0"  branch="false" />
			<line number="201"  hits="1"  branch="false" />
			<line number="202"  hits="0"  branch="false" />
			<line number="203"  hits="0"  branch="false" />
			<line number="204"  hits="0"  branch="false" />
			<line number="205"  hits="0"  branch="false" />
			<line number="206"  hits="0"  branch="false" />
			<line number="209"  hits="1"  branch="false" />
			<line number="210"  hits="0"  branch="true"  condition-coverage="0% (0/3)" />
			<line number="212"  hits="0"  branch="false" />
			<line number="213"  hits="0"  branch="false" />
			<line number="214"  hits="0"  branch="false" />
			<line number="216"  hits="0"  branch="false" />
			<line number="217"  hits="0"  branch="false" />
			<line number="219"  hits="0"  branch="false" />
			<line number="220"  hits="0"  branch="false" />
			<line number="224"  hits="1"  branch="false" />
			<line number="225"  hits="0"  branch="false" />
			<line number="228"  hits="0"  branch="true"  condition-coverage="0% (0/2)" />
			<line number="229"  hits="0"  branch="false" />
			<line number="231"  hits="0"  branch="true"  condition-coverage="0% (0/2)" />
			<line number="232"  hits="0"  branch="false" />
			<line number="236"  hits="1"  branch="false" />
			<line number="237"  hits="0"  branch="true"  condition-coverage="0% (0/2)" />
			<line number="238"  hits="0"  branch="true"  condition-coverage="0% (0/4)" />
			<line number="239"  hits="0"  branch="false" />
			<line number="240"  hits="0"  branch="false" />
			<line number="242"  hits="0"  branch="false" />
			<line number="243"  hits="0"  branch="true"  condition-coverage="0% (0/2)" />
			<line number="244"  hits="0"  branch="false" />
			<line number="245"  hits="0"  branch="true"  condition-coverage="0% (0/2)" />
			<line number="246"  hits="0"  branch="false" />
			<line number="247"  hits="0"  branch="false" />
			<line number="252"  hits="0"  branch="true"  condition-coverage="0% (0/2)" />
			<line number="253"  hits="0"  branch="false" />
			<line number="255"  hits="0"  branch="false" />
			<line number="259"  hits="1"  branch="false" />
			<line number="260"  hits="0"  branch="false" />
			<line number="261"  hits="0"  branch="false" />
			<line number="262"  hits="0"  branch="false" />
			<line number="263"  hits="0"  branch="false" />
			<line number="264"  hits="0"  branch="false" />
			<line number="265"  hits="0"  branch="false" />
			<line number="266"  hits="0"  branch="false" />
			<line number="267"  hits="0"  branch="false" />
			<line number="268"  hits="0"  branch="false" />
			<line number="269"  hits="0"  branch="false" />
			<line number="270"  hits="0"  branch="false" />
			<line number="278"  hits="1"  branch="false" />
			<line number="279"  hits="2"  branch="false" />
			<line number="280"  hits="2"  branch="false" />
			<line number="281"  hits="2"  branch="false" />
			<line number="282"  hits="2"  branch="true"  condition-coverage="50% (1/2)" />
			<line number="283"  hits="0"  branch="false" />
			<line number="285"  hits="2"  branch="true"  condition-coverage="50% (1/2)" />
			<line number="286"  hits="2"  branch="true"  condition-coverage="50% (1/2)" />
			<line number="288"  hits="2"  branch="false" />
			<line number="291"  hits="0"  branch="false" />
			<line number="293"  hits="2"  branch="false" />
			<line number="294"  hits="4"  branch="true"  condition-coverage="100% (4/4)" />
			<line number="295"  hits="1"  branch="true"  condition-coverage="50% (1/2)" />
			<line number="296"  hits="0"  branch="false" />
			<line number="298"  hits="1"  branch="false" />
			<line number="302"  hits="2"  branch="true"  condition-coverage="50% (1/2)" />
			<line number="303"  hits="2"  branch="true"  condition-coverage="50% (1/2)" />
			<line number="304"  hits="2"  branch="true"  condition-coverage="100% (2/2)" />
			<line number="305"  hits="2"  branch="false" />
			<line number="306"  hits="2"  branch="true"  condition-coverage="50% (1/2)" />
			<line number="307"  hits="0"  branch="false" />
			<line number="308"  hits="0"  branch="false" />
			<line number="310"  hits="2"  branch="false" />
			<line number="312"  hits="2"  branch="true"  condition-coverage="50% (2/4)" />
			<line number="313"  hits="0"  branch="false" />
			<line number="316"  hits="0"  branch="false" />
			<line number="319"  hits="0"  branch="true"  condition-coverage="0% (0/4)" />
			<line number="320"  hits="0"  branch="false" />
			<line number="323"  hits="2"  branch="false" />
			<line number="331"  hits="1"  branch="true"  condition-coverage="50% (1/2)" />
			<line number="332"  hits="0"  branch="true"  condition-coverage="0% (0/4)" />
			<line number="333"  hits="0"  branch="false" />
			<line number="335"  hits="0"  branch="false" />
			<line number="337"  hits="1"  branch="false" />
			<line number="342"  hits="1"  branch="true"  condition-coverage="50% (2/4)" />
			<line number="343"  hits="0"  branch="false" />
			<line number="344"  hits="0"  branch="false" />
		</lines>
		</class>
	</classes>
	</package>
</packages>
</coverage>
